<?xml version="1.0" encoding="UTF-8"?>
<testng-results ignored="0" total="1" passed="1" failed="0" skipped="0">
  <reporter-output>
  </reporter-output>
  <suite started-at="2025-11-10T11:57:01 IST" name="Suite" finished-at="2025-11-10T11:57:41 IST" duration-ms="40399">
    <groups>
    </groups>
    <test started-at="2025-11-10T11:57:01 IST" name="masterTest" finished-at="2025-11-10T11:57:41 IST" duration-ms="40399">
      <class name="testCase.TC01_verifyPracticeform">
        <test-method is-config="true" signature="setUp()[pri:0, instance:testCase.TC01_verifyPracticeform@383dc82c]" started-at="2025-11-10T11:57:01 IST" name="setUp" finished-at="2025-11-10T11:57:35 IST" duration-ms="34469" status="PASS">
          <reporter-output>
          </reporter-output>
        </test-method> <!-- setUp -->
        <test-method signature="fName()[pri:0, instance:testCase.TC01_verifyPracticeform@383dc82c]" started-at="2025-11-10T11:57:35 IST" name="fName" finished-at="2025-11-10T11:57:38 IST" duration-ms="2452" status="PASS">
          <reporter-output>
          </reporter-output>
        </test-method> <!-- fName -->
        <test-method is-config="true" signature="tearDown()[pri:0, instance:testCase.TC01_verifyPracticeform@383dc82c]" started-at="2025-11-10T11:57:38 IST" name="tearDown" finished-at="2025-11-10T11:57:41 IST" duration-ms="3415" status="PASS">
          <reporter-output>
          </reporter-output>
        </test-method> <!-- tearDown -->
      </class> <!-- testCase.TC01_verifyPracticeform -->
    </test> <!-- masterTest -->
  </suite> <!-- Suite -->
</testng-results>
