<?xml version="1.0" encoding="UTF-8"?>
<testng-results ignored="0" total="1" passed="1" failed="0" skipped="0">
  <reporter-output>
  </reporter-output>
  <suite started-at="2025-11-10T01:06:02 IST" name="Default suite" finished-at="2025-11-10T01:06:20 IST" duration-ms="17558">
    <groups>
    </groups>
    <test started-at="2025-11-10T01:06:02 IST" name="Default test" finished-at="2025-11-10T01:06:20 IST" duration-ms="17558">
      <class name="testCase.TC01_verifyPracticeform">
        <test-method is-config="true" signature="setUp()[pri:0, instance:testCase.TC01_verifyPracticeform@2b72cb8a]" started-at="2025-11-10T01:06:02 IST" name="setUp" finished-at="2025-11-10T01:06:14 IST" duration-ms="11693" status="PASS">
          <reporter-output>
          </reporter-output>
        </test-method> <!-- setUp -->
        <test-method signature="fName()[pri:0, instance:testCase.TC01_verifyPracticeform@2b72cb8a]" started-at="2025-11-10T01:06:14 IST" name="fName" finished-at="2025-11-10T01:06:16 IST" duration-ms="1802" status="PASS">
          <reporter-output>
          </reporter-output>
        </test-method> <!-- fName -->
        <test-method is-config="true" signature="tearDown()[pri:0, instance:testCase.TC01_verifyPracticeform@2b72cb8a]" started-at="2025-11-10T01:06:16 IST" name="tearDown" finished-at="2025-11-10T01:06:20 IST" duration-ms="4001" status="PASS">
          <reporter-output>
          </reporter-output>
        </test-method> <!-- tearDown -->
      </class> <!-- testCase.TC01_verifyPracticeform -->
    </test> <!-- Default test -->
  </suite> <!-- Default suite -->
</testng-results>
